<?xml version="1.0" encoding="UTF-8"?>
<testng-results skipped="0" failed="0" ignored="0" total="1" passed="1">
  <reporter-output>
  </reporter-output>
  <suite name="Default suite" duration-ms="716" started-at="2017-09-23T17:30:34Z" finished-at="2017-09-23T17:30:34Z">
    <groups>
    </groups>
    <test name="Default test" duration-ms="716" started-at="2017-09-23T17:30:34Z" finished-at="2017-09-23T17:30:34Z">
      <class name="reusables.BaseClass">
        <test-method status="PASS" signature="moduledriver()[pri:0, instance:reusables.BaseClass@68c4039c]" name="moduledriver" duration-ms="684" started-at="2017-09-23T23:00:34Z" finished-at="2017-09-23T23:00:34Z">
          <reporter-output>
          </reporter-output>
        </test-method> <!-- moduledriver -->
      </class> <!-- reusables.BaseClass -->
    </test> <!-- Default test -->
  </suite> <!-- Default suite -->
</testng-results>
